b:\gcu work\year 4\games programming 3\gp3\lab1\debug\vc143.pdb
b:\gcu work\year 4\games programming 3\gp3\lab1\debug\vc143.idb
b:\gcu work\year 4\games programming 3\gp3\lab1\debug\window.obj
b:\gcu work\year 4\games programming 3\gp3\lab1\debug\ubomanager.obj
b:\gcu work\year 4\games programming 3\gp3\lab1\debug\transformmanager.obj
b:\gcu work\year 4\games programming 3\gp3\lab1\debug\texture.obj
b:\gcu work\year 4\games programming 3\gp3\lab1\debug\shadermanager.obj
b:\gcu work\year 4\games programming 3\gp3\lab1\debug\shader.obj
b:\gcu work\year 4\games programming 3\gp3\lab1\debug\openglcontext.obj
b:\gcu work\year 4\games programming 3\gp3\lab1\debug\obj_loader.obj
b:\gcu work\year 4\games programming 3\gp3\lab1\debug\mesh.obj
b:\gcu work\year 4\games programming 3\gp3\lab1\debug\maingame.obj
b:\gcu work\year 4\games programming 3\gp3\lab1\debug\main.obj
b:\gcu work\year 4\games programming 3\gp3\lab1\debug\dllmanager.obj
b:\gcu work\year 4\games programming 3\gp3\lab1\debug\displayfacade.obj
b:\gcu work\year 4\games programming 3\gp3\lab1\debug\stb_image.obj
b:\gcu work\year 4\games programming 3\gp3\lab1\debug\labs.ilk
b:\gcu work\year 4\games programming 3\gp3\debug\labs.pdb
b:\gcu work\year 4\games programming 3\gp3\debug\labs.exe
b:\gcu work\year 4\games programming 3\gp3\lab1\debug\labs.tlog\cl.command.1.tlog
b:\gcu work\year 4\games programming 3\gp3\lab1\debug\labs.tlog\cl.items.tlog
b:\gcu work\year 4\games programming 3\gp3\lab1\debug\labs.tlog\cl.read.1.tlog
b:\gcu work\year 4\games programming 3\gp3\lab1\debug\labs.tlog\cl.write.1.tlog
b:\gcu work\year 4\games programming 3\gp3\lab1\debug\labs.tlog\link.command.1.tlog
b:\gcu work\year 4\games programming 3\gp3\lab1\debug\labs.tlog\link.read.1.tlog
b:\gcu work\year 4\games programming 3\gp3\lab1\debug\labs.tlog\link.secondary.1.tlog
b:\gcu work\year 4\games programming 3\gp3\lab1\debug\labs.tlog\link.write.1.tlog
